2025-12-03 14:10:14.789 [background-preinit] INFO  o.h.validator.internal.util.Version - HV000001: Hibernate Validator 8.0.1.Final
2025-12-03 14:10:14.903 [main] INFO  c.e.l.LoggingAndObservabilityApplication - Starting LoggingAndObservabilityApplication using Java 21.0.8 with PID 10692 (C:\Users\Jihen\Desktop\Logging and Observability\target\classes started by Jihen in C:\Users\Jihen\Desktop\Logging and Observability)
2025-12-03 14:10:14.907 [main] INFO  c.e.l.LoggingAndObservabilityApplication - No active profile set, falling back to 1 default profile: "default"
2025-12-03 14:10:16.084 [main] INFO  o.s.d.r.c.RepositoryConfigurationDelegate - Bootstrapping Spring Data MongoDB repositories in DEFAULT mode.
2025-12-03 14:10:16.191 [main] INFO  o.s.d.r.c.RepositoryConfigurationDelegate - Finished Spring Data repository scanning in 91 ms. Found 1 MongoDB repository interface.
2025-12-03 14:10:17.330 [main] INFO  o.s.b.w.e.tomcat.TomcatWebServer - Tomcat initialized with port 8080 (http)
2025-12-03 14:10:17.344 [main] INFO  o.a.coyote.http11.Http11NioProtocol - Initializing ProtocolHandler ["http-nio-8080"]
2025-12-03 14:10:17.347 [main] INFO  o.a.catalina.core.StandardService - Starting service [Tomcat]
2025-12-03 14:10:17.348 [main] INFO  o.a.catalina.core.StandardEngine - Starting Servlet engine: [Apache Tomcat/10.1.16]
2025-12-03 14:10:17.457 [main] INFO  o.a.c.c.C.[Tomcat].[localhost].[/] - Initializing Spring embedded WebApplicationContext
2025-12-03 14:10:17.458 [main] INFO  o.s.b.w.s.c.ServletWebServerApplicationContext - Root WebApplicationContext: initialization completed in 2365 ms
2025-12-03 14:10:17.874 [main] INFO  org.mongodb.driver.client - MongoClient with metadata {"driver": {"name": "mongo-java-driver|sync|spring-boot", "version": "4.11.1"}, "os": {"type": "Windows", "name": "Windows 11", "architecture": "amd64", "version": "10.0"}, "platform": "Java/Oracle Corporation/21.0.8+12-LTS-250"} created with settings MongoClientSettings{readPreference=primary, writeConcern=WriteConcern{w=null, wTimeout=null ms, journal=null}, retryWrites=true, retryReads=true, readConcern=ReadConcern{level=null}, credential=null, transportSettings=null, streamFactoryFactory=null, commandListeners=[], codecRegistry=ProvidersCodecRegistry{codecProviders=[ValueCodecProvider{}, BsonValueCodecProvider{}, DBRefCodecProvider{}, DBObjectCodecProvider{}, DocumentCodecProvider{}, CollectionCodecProvider{}, IterableCodecProvider{}, MapCodecProvider{}, GeoJsonCodecProvider{}, GridFSFileCodecProvider{}, Jsr310CodecProvider{}, JsonObjectCodecProvider{}, BsonCodecProvider{}, EnumCodecProvider{}, com.mongodb.client.model.mql.ExpressionCodecProvider@7a9ceddf, com.mongodb.Jep395RecordCodecProvider@28157173, com.mongodb.KotlinCodecProvider@11c713b7]}, loggerSettings=LoggerSettings{maxDocumentLength=1000}, clusterSettings={hosts=[localhost:27017], srvServiceName=mongodb, mode=SINGLE, requiredClusterType=UNKNOWN, requiredReplicaSetName='null', serverSelector='null', clusterListeners='[]', serverSelectionTimeout='30000 ms', localThreshold='15 ms'}, socketSettings=SocketSettings{connectTimeoutMS=10000, readTimeoutMS=0, receiveBufferSize=0, proxySettings=ProxySettings{host=null, port=null, username=null, password=null}}, heartbeatSocketSettings=SocketSettings{connectTimeoutMS=10000, readTimeoutMS=10000, receiveBufferSize=0, proxySettings=ProxySettings{host=null, port=null, username=null, password=null}}, connectionPoolSettings=ConnectionPoolSettings{maxSize=100, minSize=0, maxWaitTimeMS=120000, maxConnectionLifeTimeMS=0, maxConnectionIdleTimeMS=0, maintenanceInitialDelayMS=0, maintenanceFrequencyMS=60000, connectionPoolListeners=[], maxConnecting=2}, serverSettings=ServerSettings{heartbeatFrequencyMS=10000, minHeartbeatFrequencyMS=500, serverListeners='[]', serverMonitorListeners='[]'}, sslSettings=SslSettings{enabled=false, invalidHostNameAllowed=false, context=null}, applicationName='null', compressorList=[], uuidRepresentation=JAVA_LEGACY, serverApi=null, autoEncryptionSettings=null, dnsClient=null, inetAddressResolver=null, contextProvider=null}
2025-12-03 14:10:17.891 [cluster-ClusterId{value='693036b9c4916226cbc6c190', description='null'}-localhost:27017] INFO  org.mongodb.driver.cluster - Monitor thread successfully connected to server with description ServerDescription{address=localhost:27017, type=STANDALONE, state=CONNECTED, ok=true, minWireVersion=0, maxWireVersion=17, maxDocumentSize=16777216, logicalSessionTimeoutMinutes=30, roundTripTimeNanos=47135800}
2025-12-03 14:10:19.172 [main] INFO  o.a.coyote.http11.Http11NioProtocol - Starting ProtocolHandler ["http-nio-8080"]
2025-12-03 14:10:19.217 [main] INFO  o.s.b.w.e.tomcat.TomcatWebServer - Tomcat started on port 8080 (http) with context path ''
2025-12-03 14:10:19.227 [main] INFO  c.e.l.LoggingAndObservabilityApplication - Started LoggingAndObservabilityApplication in 5.977 seconds (process running for 7.91)
2025-12-03 14:10:19.230 [main] INFO  c.e.l.cli.ProductCLI - Starting Product Management CLI
2025-12-03 14:10:19.231 [main] INFO  c.e.l.cli.ProductCLI - Initiating user creation process
2025-12-03 14:10:47.206 [main] INFO  c.e.l.cli.ProductCLI - User created: jihen (mlayehjihen@gmail.com)
2025-12-03 14:10:51.508 [main] INFO  c.e.l.cli.ProductCLI - CLI: User jihen requested to add new product
2025-12-03 14:11:16.576 [main] INFO  c.e.l.service.ProductService - Attempting to add new product: 
2025-12-03 14:11:16.870 [main] INFO  c.e.l.service.ProductService - Successfully added product with ID: 1
2025-12-03 14:11:20.561 [main] INFO  c.e.l.cli.ProductCLI - CLI: User jihen requested to display all products
2025-12-03 14:11:20.561 [main] INFO  c.e.l.service.ProductService - Fetching all products from repository
2025-12-03 14:11:20.625 [main] INFO  c.e.l.service.ProductService - Successfully retrieved 1 products in 63ms
